<?xml version="1.0" encoding="UTF-8"?>
<!-- Generated by org.testng.reporters.JUnitReportReporter -->
<testsuite skipped="0" hostname="DESKTOP-47K03DD" name="com.qa.TestScript.PaymentCheckOut" tests="1" failures="0" timestamp="03 Oct 2018 18:21:44 GMT" time="55.235" errors="0">
  <testcase name="bookProductPaymentCreditCard" time="55.235" classname="com.qa.TestScript.PaymentCheckOut"/>
</testsuite> <!-- com.qa.TestScript.PaymentCheckOut -->
