<?xml version="1.0" encoding="UTF-8"?>
<!-- Generated by org.testng.reporters.JUnitReportReporter -->
<testsuite skipped="0" hostname="DESKTOP-47K03DD" name="com.qa.TestScript.GeneralLoginTestScript" tests="6" failures="0" timestamp="20 Aug 2018 17:55:18 GMT" time="23.960" errors="0">
  <testcase name="without_Enter_Email_Id_Verify" time="12.014" classname="com.qa.TestScript.GeneralLoginTestScript"/>
  <testcase name="valid_Enter_Email_Id_Verify" time="4.486" classname="com.qa.TestScript.GeneralLoginTestScript"/>
  <testcase name="Without_Enter_name" time="0.860" classname="com.qa.TestScript.GeneralLoginTestScript"/>
  <testcase name="phone_number" time="2.004" classname="com.qa.TestScript.GeneralLoginTestScript"/>
  <testcase name="Enter_name" time="2.306" classname="com.qa.TestScript.GeneralLoginTestScript"/>
  <testcase name="lessw_Word_password" time="2.290" classname="com.qa.TestScript.GeneralLoginTestScript"/>
</testsuite> <!-- com.qa.TestScript.GeneralLoginTestScript -->
