<?xml version="1.0" encoding="UTF-8"?>
<!-- Generated by org.testng.reporters.JUnitReportReporter -->
<testsuite skipped="0" hostname="DESKTOP-47K03DD" name="com.qa.TestScript.LoginTestScript" tests="5" failures="0" timestamp="03 Oct 2018 18:29:00 GMT" time="26.342" errors="0">
  <testcase name="without_Enter_Email_Id_Verify" time="11.187" classname="com.qa.TestScript.LoginTestScript"/>
  <testcase name="invalid_Enter_Email_Id_Verify" time="4.211" classname="com.qa.TestScript.LoginTestScript"/>
  <testcase name="valid_Enter_Email_Id_Verify" time="2.752" classname="com.qa.TestScript.LoginTestScript"/>
  <testcase name="invalid_password" time="4.564" classname="com.qa.TestScript.LoginTestScript"/>
  <testcase name="valid_password" time="3.628" classname="com.qa.TestScript.LoginTestScript"/>
</testsuite> <!-- com.qa.TestScript.LoginTestScript -->
